<?xml version="1.0" encoding="UTF-8"?>
<testsuite xmlns:xsi="http://www.w3.org/2001/XMLSchema-instance" xsi:noNamespaceSchemaLocation="https://maven.apache.org/surefire/maven-surefire-plugin/xsd/surefire-test-report.xsd" name="com.miaoshaproject.AppTest" time="0.147" tests="1" errors="0" skipped="0" failures="0">
  <properties>
    <property name="sun.desktop" value="windows"/>
    <property name="awt.toolkit" value="sun.awt.windows.WToolkit"/>
    <property name="file.encoding.pkg" value="sun.io"/>
    <property name="java.specification.version" value="1.8"/>
    <property name="sun.cpu.isalist" value="amd64"/>
    <property name="sun.jnu.encoding" value="GBK"/>
    <property name="java.class.path" value="E:\SpringBootMiaosha\target\test-classes;E:\SpringBootMiaosha\target\classes;C:\maven\apache-maven-3.5.4\org\springframework\boot\spring-boot-starter-web\2.1.6.RELEASE\spring-boot-starter-web-2.1.6.RELEASE.jar;C:\maven\apache-maven-3.5.4\org\springframework\boot\spring-boot-starter\2.1.6.RELEASE\spring-boot-starter-2.1.6.RELEASE.jar;C:\maven\apache-maven-3.5.4\org\springframework\boot\spring-boot\2.1.6.RELEASE\spring-boot-2.1.6.RELEASE.jar;C:\maven\apache-maven-3.5.4\org\springframework\boot\spring-boot-autoconfigure\2.1.6.RELEASE\spring-boot-autoconfigure-2.1.6.RELEASE.jar;C:\maven\apache-maven-3.5.4\org\springframework\boot\spring-boot-starter-logging\2.1.6.RELEASE\spring-boot-starter-logging-2.1.6.RELEASE.jar;C:\maven\apache-maven-3.5.4\ch\qos\logback\logback-classic\1.2.3\logback-classic-1.2.3.jar;C:\maven\apache-maven-3.5.4\ch\qos\logback\logback-core\1.2.3\logback-core-1.2.3.jar;C:\maven\apache-maven-3.5.4\org\apache\logging\log4j\log4j-to-slf4j\2.11.2\log4j-to-slf4j-2.11.2.jar;C:\maven\apache-maven-3.5.4\org\apache\logging\log4j\log4j-api\2.11.2\log4j-api-2.11.2.jar;C:\maven\apache-maven-3.5.4\org\slf4j\jul-to-slf4j\1.7.26\jul-to-slf4j-1.7.26.jar;C:\maven\apache-maven-3.5.4\javax\annotation\javax.annotation-api\1.3.2\javax.annotation-api-1.3.2.jar;C:\maven\apache-maven-3.5.4\org\springframework\spring-core\5.1.8.RELEASE\spring-core-5.1.8.RELEASE.jar;C:\maven\apache-maven-3.5.4\org\springframework\spring-jcl\5.1.8.RELEASE\spring-jcl-5.1.8.RELEASE.jar;C:\maven\apache-maven-3.5.4\org\yaml\snakeyaml\1.23\snakeyaml-1.23.jar;C:\maven\apache-maven-3.5.4\org\springframework\boot\spring-boot-starter-json\2.1.6.RELEASE\spring-boot-starter-json-2.1.6.RELEASE.jar;C:\maven\apache-maven-3.5.4\com\fasterxml\jackson\core\jackson-databind\2.9.9\jackson-databind-2.9.9.jar;C:\maven\apache-maven-3.5.4\com\fasterxml\jackson\core\jackson-annotations\2.9.0\jackson-annotations-2.9.0.jar;C:\maven\apache-maven-3.5.4\com\fasterxml\jackson\core\jackson-core\2.9.9\jackson-core-2.9.9.jar;C:\maven\apache-maven-3.5.4\com\fasterxml\jackson\datatype\jackson-datatype-jdk8\2.9.9\jackson-datatype-jdk8-2.9.9.jar;C:\maven\apache-maven-3.5.4\com\fasterxml\jackson\datatype\jackson-datatype-jsr310\2.9.9\jackson-datatype-jsr310-2.9.9.jar;C:\maven\apache-maven-3.5.4\com\fasterxml\jackson\module\jackson-module-parameter-names\2.9.9\jackson-module-parameter-names-2.9.9.jar;C:\maven\apache-maven-3.5.4\org\springframework\boot\spring-boot-starter-tomcat\2.1.6.RELEASE\spring-boot-starter-tomcat-2.1.6.RELEASE.jar;C:\maven\apache-maven-3.5.4\org\apache\tomcat\embed\tomcat-embed-core\9.0.21\tomcat-embed-core-9.0.21.jar;C:\maven\apache-maven-3.5.4\org\apache\tomcat\embed\tomcat-embed-el\9.0.21\tomcat-embed-el-9.0.21.jar;C:\maven\apache-maven-3.5.4\org\apache\tomcat\embed\tomcat-embed-websocket\9.0.21\tomcat-embed-websocket-9.0.21.jar;C:\maven\apache-maven-3.5.4\org\hibernate\validator\hibernate-validator\6.0.17.Final\hibernate-validator-6.0.17.Final.jar;C:\maven\apache-maven-3.5.4\org\springframework\spring-web\5.1.8.RELEASE\spring-web-5.1.8.RELEASE.jar;C:\maven\apache-maven-3.5.4\org\springframework\spring-beans\5.1.8.RELEASE\spring-beans-5.1.8.RELEASE.jar;C:\maven\apache-maven-3.5.4\org\springframework\spring-webmvc\5.1.8.RELEASE\spring-webmvc-5.1.8.RELEASE.jar;C:\maven\apache-maven-3.5.4\org\springframework\spring-aop\5.1.8.RELEASE\spring-aop-5.1.8.RELEASE.jar;C:\maven\apache-maven-3.5.4\org\springframework\spring-context\5.1.8.RELEASE\spring-context-5.1.8.RELEASE.jar;C:\maven\apache-maven-3.5.4\org\springframework\spring-expression\5.1.8.RELEASE\spring-expression-5.1.8.RELEASE.jar;C:\maven\apache-maven-3.5.4\mysql\mysql-connector-java\5.1.41\mysql-connector-java-5.1.41.jar;C:\maven\apache-maven-3.5.4\com\alibaba\druid\1.1.13\druid-1.1.13.jar;C:\maven\apache-maven-3.5.4\org\mybatis\spring\boot\mybatis-spring-boot-starter\1.3.1\mybatis-spring-boot-starter-1.3.1.jar;C:\maven\apache-maven-3.5.4\org\springframework\boot\spring-boot-starter-jdbc\2.1.6.RELEASE\spring-boot-starter-jdbc-2.1.6.RELEASE.jar;C:\maven\apache-maven-3.5.4\com\zaxxer\HikariCP\3.2.0\HikariCP-3.2.0.jar;C:\maven\apache-maven-3.5.4\org\slf4j\slf4j-api\1.7.26\slf4j-api-1.7.26.jar;C:\maven\apache-maven-3.5.4\org\springframework\spring-jdbc\5.1.8.RELEASE\spring-jdbc-5.1.8.RELEASE.jar;C:\maven\apache-maven-3.5.4\org\springframework\spring-tx\5.1.8.RELEASE\spring-tx-5.1.8.RELEASE.jar;C:\maven\apache-maven-3.5.4\org\mybatis\spring\boot\mybatis-spring-boot-autoconfigure\1.3.1\mybatis-spring-boot-autoconfigure-1.3.1.jar;C:\maven\apache-maven-3.5.4\org\mybatis\mybatis\3.4.5\mybatis-3.4.5.jar;C:\maven\apache-maven-3.5.4\org\mybatis\mybatis-spring\1.3.1\mybatis-spring-1.3.1.jar;C:\maven\apache-maven-3.5.4\org\apache\commons\commons-lang3\3.7\commons-lang3-3.7.jar;C:\maven\apache-maven-3.5.4\org\hibernate\hibernate-validator\5.4.1.Final\hibernate-validator-5.4.1.Final.jar;C:\maven\apache-maven-3.5.4\javax\validation\validation-api\2.0.1.Final\validation-api-2.0.1.Final.jar;C:\maven\apache-maven-3.5.4\org\jboss\logging\jboss-logging\3.3.2.Final\jboss-logging-3.3.2.Final.jar;C:\maven\apache-maven-3.5.4\com\fasterxml\classmate\1.4.0\classmate-1.4.0.jar;C:\maven\apache-maven-3.5.4\junit\junit\4.11\junit-4.11.jar;C:\maven\apache-maven-3.5.4\org\hamcrest\hamcrest-core\1.3\hamcrest-core-1.3.jar;"/>
    <property name="java.vm.vendor" value="Oracle Corporation"/>
    <property name="sun.arch.data.model" value="64"/>
    <property name="user.variant" value=""/>
    <property name="java.vendor.url" value="http://java.oracle.com/"/>
    <property name="user.timezone" value="Asia/Shanghai"/>
    <property name="java.vm.specification.version" value="1.8"/>
    <property name="os.name" value="Windows 10"/>
    <property name="user.country" value="CN"/>
    <property name="sun.java.launcher" value="SUN_STANDARD"/>
    <property name="sun.boot.library.path" value="C:\Program Files\Java\jdk1.8.0_91\jre\bin"/>
    <property name="sun.java.command" value="C:\Users\ADMINI~1\AppData\Local\Temp\surefire3762794805504219904\surefirebooter5503761477178344045.jar C:\Users\Administrator\AppData\Local\Temp\surefire3762794805504219904 2019-07-10T22-41-44_368-jvmRun1 surefire8939458991307525980tmp surefire_04118254092322062533tmp"/>
    <property name="surefire.test.class.path" value="E:\SpringBootMiaosha\target\test-classes;E:\SpringBootMiaosha\target\classes;C:\maven\apache-maven-3.5.4\org\springframework\boot\spring-boot-starter-web\2.1.6.RELEASE\spring-boot-starter-web-2.1.6.RELEASE.jar;C:\maven\apache-maven-3.5.4\org\springframework\boot\spring-boot-starter\2.1.6.RELEASE\spring-boot-starter-2.1.6.RELEASE.jar;C:\maven\apache-maven-3.5.4\org\springframework\boot\spring-boot\2.1.6.RELEASE\spring-boot-2.1.6.RELEASE.jar;C:\maven\apache-maven-3.5.4\org\springframework\boot\spring-boot-autoconfigure\2.1.6.RELEASE\spring-boot-autoconfigure-2.1.6.RELEASE.jar;C:\maven\apache-maven-3.5.4\org\springframework\boot\spring-boot-starter-logging\2.1.6.RELEASE\spring-boot-starter-logging-2.1.6.RELEASE.jar;C:\maven\apache-maven-3.5.4\ch\qos\logback\logback-classic\1.2.3\logback-classic-1.2.3.jar;C:\maven\apache-maven-3.5.4\ch\qos\logback\logback-core\1.2.3\logback-core-1.2.3.jar;C:\maven\apache-maven-3.5.4\org\apache\logging\log4j\log4j-to-slf4j\2.11.2\log4j-to-slf4j-2.11.2.jar;C:\maven\apache-maven-3.5.4\org\apache\logging\log4j\log4j-api\2.11.2\log4j-api-2.11.2.jar;C:\maven\apache-maven-3.5.4\org\slf4j\jul-to-slf4j\1.7.26\jul-to-slf4j-1.7.26.jar;C:\maven\apache-maven-3.5.4\javax\annotation\javax.annotation-api\1.3.2\javax.annotation-api-1.3.2.jar;C:\maven\apache-maven-3.5.4\org\springframework\spring-core\5.1.8.RELEASE\spring-core-5.1.8.RELEASE.jar;C:\maven\apache-maven-3.5.4\org\springframework\spring-jcl\5.1.8.RELEASE\spring-jcl-5.1.8.RELEASE.jar;C:\maven\apache-maven-3.5.4\org\yaml\snakeyaml\1.23\snakeyaml-1.23.jar;C:\maven\apache-maven-3.5.4\org\springframework\boot\spring-boot-starter-json\2.1.6.RELEASE\spring-boot-starter-json-2.1.6.RELEASE.jar;C:\maven\apache-maven-3.5.4\com\fasterxml\jackson\core\jackson-databind\2.9.9\jackson-databind-2.9.9.jar;C:\maven\apache-maven-3.5.4\com\fasterxml\jackson\core\jackson-annotations\2.9.0\jackson-annotations-2.9.0.jar;C:\maven\apache-maven-3.5.4\com\fasterxml\jackson\core\jackson-core\2.9.9\jackson-core-2.9.9.jar;C:\maven\apache-maven-3.5.4\com\fasterxml\jackson\datatype\jackson-datatype-jdk8\2.9.9\jackson-datatype-jdk8-2.9.9.jar;C:\maven\apache-maven-3.5.4\com\fasterxml\jackson\datatype\jackson-datatype-jsr310\2.9.9\jackson-datatype-jsr310-2.9.9.jar;C:\maven\apache-maven-3.5.4\com\fasterxml\jackson\module\jackson-module-parameter-names\2.9.9\jackson-module-parameter-names-2.9.9.jar;C:\maven\apache-maven-3.5.4\org\springframework\boot\spring-boot-starter-tomcat\2.1.6.RELEASE\spring-boot-starter-tomcat-2.1.6.RELEASE.jar;C:\maven\apache-maven-3.5.4\org\apache\tomcat\embed\tomcat-embed-core\9.0.21\tomcat-embed-core-9.0.21.jar;C:\maven\apache-maven-3.5.4\org\apache\tomcat\embed\tomcat-embed-el\9.0.21\tomcat-embed-el-9.0.21.jar;C:\maven\apache-maven-3.5.4\org\apache\tomcat\embed\tomcat-embed-websocket\9.0.21\tomcat-embed-websocket-9.0.21.jar;C:\maven\apache-maven-3.5.4\org\hibernate\validator\hibernate-validator\6.0.17.Final\hibernate-validator-6.0.17.Final.jar;C:\maven\apache-maven-3.5.4\org\springframework\spring-web\5.1.8.RELEASE\spring-web-5.1.8.RELEASE.jar;C:\maven\apache-maven-3.5.4\org\springframework\spring-beans\5.1.8.RELEASE\spring-beans-5.1.8.RELEASE.jar;C:\maven\apache-maven-3.5.4\org\springframework\spring-webmvc\5.1.8.RELEASE\spring-webmvc-5.1.8.RELEASE.jar;C:\maven\apache-maven-3.5.4\org\springframework\spring-aop\5.1.8.RELEASE\spring-aop-5.1.8.RELEASE.jar;C:\maven\apache-maven-3.5.4\org\springframework\spring-context\5.1.8.RELEASE\spring-context-5.1.8.RELEASE.jar;C:\maven\apache-maven-3.5.4\org\springframework\spring-expression\5.1.8.RELEASE\spring-expression-5.1.8.RELEASE.jar;C:\maven\apache-maven-3.5.4\mysql\mysql-connector-java\5.1.41\mysql-connector-java-5.1.41.jar;C:\maven\apache-maven-3.5.4\com\alibaba\druid\1.1.13\druid-1.1.13.jar;C:\maven\apache-maven-3.5.4\org\mybatis\spring\boot\mybatis-spring-boot-starter\1.3.1\mybatis-spring-boot-starter-1.3.1.jar;C:\maven\apache-maven-3.5.4\org\springframework\boot\spring-boot-starter-jdbc\2.1.6.RELEASE\spring-boot-starter-jdbc-2.1.6.RELEASE.jar;C:\maven\apache-maven-3.5.4\com\zaxxer\HikariCP\3.2.0\HikariCP-3.2.0.jar;C:\maven\apache-maven-3.5.4\org\slf4j\slf4j-api\1.7.26\slf4j-api-1.7.26.jar;C:\maven\apache-maven-3.5.4\org\springframework\spring-jdbc\5.1.8.RELEASE\spring-jdbc-5.1.8.RELEASE.jar;C:\maven\apache-maven-3.5.4\org\springframework\spring-tx\5.1.8.RELEASE\spring-tx-5.1.8.RELEASE.jar;C:\maven\apache-maven-3.5.4\org\mybatis\spring\boot\mybatis-spring-boot-autoconfigure\1.3.1\mybatis-spring-boot-autoconfigure-1.3.1.jar;C:\maven\apache-maven-3.5.4\org\mybatis\mybatis\3.4.5\mybatis-3.4.5.jar;C:\maven\apache-maven-3.5.4\org\mybatis\mybatis-spring\1.3.1\mybatis-spring-1.3.1.jar;C:\maven\apache-maven-3.5.4\org\apache\commons\commons-lang3\3.7\commons-lang3-3.7.jar;C:\maven\apache-maven-3.5.4\org\hibernate\hibernate-validator\5.4.1.Final\hibernate-validator-5.4.1.Final.jar;C:\maven\apache-maven-3.5.4\javax\validation\validation-api\2.0.1.Final\validation-api-2.0.1.Final.jar;C:\maven\apache-maven-3.5.4\org\jboss\logging\jboss-logging\3.3.2.Final\jboss-logging-3.3.2.Final.jar;C:\maven\apache-maven-3.5.4\com\fasterxml\classmate\1.4.0\classmate-1.4.0.jar;C:\maven\apache-maven-3.5.4\junit\junit\4.11\junit-4.11.jar;C:\maven\apache-maven-3.5.4\org\hamcrest\hamcrest-core\1.3\hamcrest-core-1.3.jar;"/>
    <property name="sun.cpu.endian" value="little"/>
    <property name="user.home" value="C:\Users\Administrator"/>
    <property name="user.language" value="zh"/>
    <property name="java.specification.vendor" value="Oracle Corporation"/>
    <property name="java.home" value="C:\Program Files\Java\jdk1.8.0_91\jre"/>
    <property name="basedir" value="E:\SpringBootMiaosha"/>
    <property name="file.separator" value="\"/>
    <property name="line.separator" value="&#10;"/>
    <property name="java.vm.specification.vendor" value="Oracle Corporation"/>
    <property name="java.specification.name" value="Java Platform API Specification"/>
    <property name="java.awt.graphicsenv" value="sun.awt.Win32GraphicsEnvironment"/>
    <property name="surefire.real.class.path" value="C:\Users\ADMINI~1\AppData\Local\Temp\surefire3762794805504219904\surefirebooter5503761477178344045.jar"/>
    <property name="sun.boot.class.path" value="C:\Program Files\Java\jdk1.8.0_91\jre\lib\resources.jar;C:\Program Files\Java\jdk1.8.0_91\jre\lib\rt.jar;C:\Program Files\Java\jdk1.8.0_91\jre\lib\sunrsasign.jar;C:\Program Files\Java\jdk1.8.0_91\jre\lib\jsse.jar;C:\Program Files\Java\jdk1.8.0_91\jre\lib\jce.jar;C:\Program Files\Java\jdk1.8.0_91\jre\lib\charsets.jar;C:\Program Files\Java\jdk1.8.0_91\jre\lib\jfr.jar;C:\Program Files\Java\jdk1.8.0_91\jre\classes"/>
    <property name="user.script" value=""/>
    <property name="sun.management.compiler" value="HotSpot 64-Bit Tiered Compilers"/>
    <property name="java.runtime.version" value="1.8.0_91-b14"/>
    <property name="user.name" value="Administrator"/>
    <property name="path.separator" value=";"/>
    <property name="os.version" value="10.0"/>
    <property name="java.endorsed.dirs" value="C:\Program Files\Java\jdk1.8.0_91\jre\lib\endorsed"/>
    <property name="java.runtime.name" value="Java(TM) SE Runtime Environment"/>
    <property name="file.encoding" value="GBK"/>
    <property name="java.vm.name" value="Java HotSpot(TM) 64-Bit Server VM"/>
    <property name="localRepository" value="C:\maven\apache-maven-3.5.4"/>
    <property name="java.vendor.url.bug" value="http://bugreport.sun.com/bugreport/"/>
    <property name="java.io.tmpdir" value="C:\Users\ADMINI~1\AppData\Local\Temp\"/>
    <property name="idea.version" value="2018.3.4"/>
    <property name="java.version" value="1.8.0_91"/>
    <property name="user.dir" value="E:\SpringBootMiaosha"/>
    <property name="os.arch" value="amd64"/>
    <property name="java.vm.specification.name" value="Java Virtual Machine Specification"/>
    <property name="java.awt.printerjob" value="sun.awt.windows.WPrinterJob"/>
    <property name="sun.os.patch.level" value=""/>
    <property name="java.library.path" value="C:\Program Files\Java\jdk1.8.0_91\jre\bin;C:\Windows\Sun\Java\bin;C:\Windows\system32;C:\Windows;C:\Program Files (x86)\Common Files\NetSarang;C:\ProgramData\Oracle\Java\javapath;C:\Windows\system32;C:\Windows;C:\Windows\System32\Wbem;C:\Windows\System32\WindowsPowerShell\v1.0\;C:\Program Files (x86)\GtkSharp\2.12\bin;C:\Program Files\Java\jdk1.8.0_91\bin;C:\Program Files\Java\jdk1.8.0_91\jre\bin;C:\Program Files\MySQL\MySQL Server 5.5\bin;D:\Git\cmd;D:\Node.js\;D:\maven\maven\apache-maven3.2.5\apache-maven-3.2.5\bin\;C:\Users\Administrator\AppData\Local\Microsoft\WindowsApps;C:\Users\Administrator\AppData\Roaming\npm;D:\Fiddler安装包\Fiddler;."/>
    <property name="java.vm.info" value="mixed mode"/>
    <property name="java.vendor" value="Oracle Corporation"/>
    <property name="java.vm.version" value="25.91-b14"/>
    <property name="java.ext.dirs" value="C:\Program Files\Java\jdk1.8.0_91\jre\lib\ext;C:\Windows\Sun\Java\lib\ext"/>
    <property name="sun.io.unicode.encoding" value="UnicodeLittle"/>
    <property name="java.class.version" value="52.0"/>
  </properties>
  <testcase name="shouldAnswerWithTrue" classname="com.miaoshaproject.AppTest" time="0.001"/>
</testsuite>